<?xml version="1.0" encoding="UTF-8"?>
<!-- Generated by org.testng.reporters.JUnitXMLReporter -->
<testsuite ignored="0" hostname="LAPTOP-JEI8AS0O" failures="0" tests="4" name="Test" time="40.283" errors="0" timestamp="2022-11-20T16:24:21 GMT-05:00">
  <testcase classname="testcases.LoginTest" name="loginSuccess_001" time="3.192"/>
  <testcase classname="testcases.LoginTest" name="LoginUnsuccessful_002" time="16.475"/>
  <testcase classname="testcases.PIMTest" name="getRecordCountItem_009" time="2.558"/>
  <testcase classname="testcases.PIMTest" name="getRecordItem_010" time="2.574"/>
</testsuite> <!-- Test -->
