<?xml version="1.0" encoding="UTF-8"?>
<!-- Generated by org.testng.reporters.JUnitXMLReporter -->
<testsuite ignored="0" hostname="LAPTOP-JEI8AS0O" failures="0" tests="4" name="Login Test" time="31.565" errors="0" timestamp="2022-11-20T16:30:11 GMT-05:00">
  <testcase classname="testcases.LoginTest" name="loginSuccess_001" time="3.971"/>
  <testcase classname="testcases.PIMTest" name="getRecordCountItem_009" time="3.287"/>
  <testcase classname="testcases.PIMTest" name="getRecordItem_010" time="3.32"/>
  <testcase classname="testcases.LoginTest" name="LoginUnsuccessful_002" time="16.693"/>
</testsuite> <!-- Login Test -->
