<?xml version="1.0" encoding="UTF-8"?>
<testsuite xmlns:xsi="http://www.w3.org/2001/XMLSchema-instance" xsi:noNamespaceSchemaLocation="https://maven.apache.org/surefire/maven-surefire-plugin/xsd/surefire-test-report-3.0.xsd" version="3.0" name="TestSuite" time="73.712" tests="8" errors="0" skipped="0" failures="2">
  <properties>
[...]
</properties>
  <testcase name="loginSuccess_001" classname="testcases.LoginTest" time="3.947">
    <system-out><![CDATA[[TestNGContentHandler] [WARN] It is strongly recommended to add "<!DOCTYPE suite SYSTEM "https://testng.org/testng-1.0.dtd" >" at the top of your file, otherwise TestNG may fail or not work as expected.
]]></system-out>
    <system-err><![CDATA[SLF4J: Failed to load class "org.slf4j.impl.StaticLoggerBinder".
SLF4J: Defaulting to no-operation (NOP) logger implementation
SLF4J: See http://www.slf4j.org/codes.html#StaticLoggerBinder for further details.
log4j:WARN No appenders could be found for logger (io.netty.util.internal.logging.InternalLoggerFactory).
log4j:WARN Please initialize the log4j system properly.
log4j:WARN See http://logging.apache.org/log4j/1.2/faq.html#noconfig for more info.
Starting ChromeDriver 107.0.5304.62 (1eec40d3a5764881c92085aaee66d25075c159aa-refs/branch-heads/5304@{#942}) on port 48699
Only local connections are allowed.
Starting ChromeDriver 107.0.5304.62 (1eec40d3a5764881c92085aaee6P6ld2ea5s0e75 cs1e59eaa -rhetftsp/bsra:/n/cchh-rhoemaeddrsi/ve5r30.4@ch{ro#m9iu4m2.}o)rg/ seocunri tpy-coonrsitder a3ti4on8s8 f8or
 Osnulgyg elsotciaol ncso onn kneeecptiingo nCsh raormeeD riavlerl soafewe.d
.
PlCeharosmeeDr ivser ewaes  sthartttedp suscce:ssf/ul/lych.
romedriver.chromium.org/security-considerations for suggestions on keeping ChromeDriver safe.
ChromeDriver was started successfully.
]]></system-err>
  </testcase>
  <testcase name="loginSuccess_001" classname="testcases.LoginTest" time="1.849">
    <system-err><![CDATA[SSttaratirngt Cihrnogm eChDrromeiDvreivre r10 71.007..503.054.3604.62 (1e2e c(41ee0cd430ad537a657648814c98208815ca9aee6260d8255a0a7e5ec6165d295a0a7-5rce1f59sa/ab-rraenfcsh/-bhreaandcsh/-5h3e0a4ds@/5{304#@9{4#9242}})) on  on port 17728
Opnolrt 3y76 7l5oc
alO nclyo nloncealc tcoinonnesct iaonrs ear e aalllloowweedd..
Pl
ePasle esaese ehtt psse:e/ /hcthtrposm:e/d/ricvherrom.ecdhrriovmeiru.mc.horrogm/isuemc.uorrgi/tsye-ccuriotnys-icderoatnisonisd feorr asutgigoesntiso nsf oro ns ukgeegpeisngt iCohnrso meoDnri vkere espainfg eCh.ro
meDriver safe.
CChhrroommeeDDrriver waisv erstar twedas  susctcaesrstfeudl lsyu.cc
essfully.
]]></system-err>
  </testcase>
  <testcase name="LoginUnsuccessful_002" classname="testcases.LoginTest" time="16.533"/>
  <testcase name="LoginUnsuccessful_002" classname="testcases.LoginTest" time="17.897"/>
  <testcase name="getRecordCountItem_009" classname="testcases.PIMTest" time="2.704">
    <failure message="expected [41] but found [43]" type="java.lang.AssertionError"><![CDATA[java.lang.AssertionError: expected [41] but found [43]
	at org.testng.Assert.fail(Assert.java:97)
	at org.testng.Assert.assertEqualsImpl(Assert.java:136)
	at org.testng.Assert.assertEquals(Assert.java:118)
	at org.testng.Assert.assertEquals(Assert.java:839)
	at org.testng.Assert.assertEquals(Assert.java:849)
	at testcases.PIMTest.getRecordCountItem_009(PIMTest.java:32)
	at sun.reflect.NativeMethodAccessorImpl.invoke0(Native Method)
	at sun.reflect.NativeMethodAccessorImpl.invoke(NativeMethodAccessorImpl.java:62)
	at sun.reflect.DelegatingMethodAccessorImpl.invoke(DelegatingMethodAccessorImpl.java:43)
	at java.lang.reflect.Method.invoke(Method.java:498)
	at org.testng.internal.MethodInvocationHelper.invokeMethod(MethodInvocationHelper.java:134)
	at org.testng.internal.TestInvoker.invokeMethod(TestInvoker.java:597)
	at org.testng.internal.TestInvoker.invokeTestMethod(TestInvoker.java:173)
	at org.testng.internal.MethodRunner.runInSequence(MethodRunner.java:46)
	at org.testng.internal.TestInvoker$MethodInvocationAgent.invoke(TestInvoker.java:816)
	at org.testng.internal.TestInvoker.invokeTestMethods(TestInvoker.java:146)
	at org.testng.internal.TestMethodWorker.invokeTestMethods(TestMethodWorker.java:146)
	at org.testng.internal.TestMethodWorker.run(TestMethodWorker.java:128)
	at java.util.concurrent.ThreadPoolExecutor.runWorker(ThreadPoolExecutor.java:1149)
	at java.util.concurrent.ThreadPoolExecutor$Worker.run(ThreadPoolExecutor.java:624)
	at java.lang.Thread.run(Thread.java:748)
]]></failure>
    <system-err><![CDATA[Starting ChromeDriver 107.0.5304.62 (1eec40d3a5764881c92085aaee66d25075c159aa-refs/branch-heads/5304@{#942}) on port 38487
Only local connections are allowed.
Please see https://chromedriver.chromium.org/security-considerations for suggestions on keeping ChromeDriver safe.
ChromeDriver was started successfully.
]]></system-err>
  </testcase>
  <testcase name="getRecordCountItem_009" classname="testcases.PIMTest" time="3.457">
    <failure message="expected [41] but found [43]" type="java.lang.AssertionError"><![CDATA[java.lang.AssertionError: expected [41] but found [43]
	at org.testng.Assert.fail(Assert.java:97)
	at org.testng.Assert.assertEqualsImpl(Assert.java:136)
	at org.testng.Assert.assertEquals(Assert.java:118)
	at org.testng.Assert.assertEquals(Assert.java:839)
	at org.testng.Assert.assertEquals(Assert.java:849)
	at testcases.PIMTest.getRecordCountItem_009(PIMTest.java:32)
	at sun.reflect.NativeMethodAccessorImpl.invoke0(Native Method)
	at sun.reflect.NativeMethodAccessorImpl.invoke(NativeMethodAccessorImpl.java:62)
	at sun.reflect.DelegatingMethodAccessorImpl.invoke(DelegatingMethodAccessorImpl.java:43)
	at java.lang.reflect.Method.invoke(Method.java:498)
	at org.testng.internal.MethodInvocationHelper.invokeMethod(MethodInvocationHelper.java:134)
	at org.testng.internal.TestInvoker.invokeMethod(TestInvoker.java:597)
	at org.testng.internal.TestInvoker.invokeTestMethod(TestInvoker.java:173)
	at org.testng.internal.MethodRunner.runInSequence(MethodRunner.java:46)
	at org.testng.internal.TestInvoker$MethodInvocationAgent.invoke(TestInvoker.java:816)
	at org.testng.internal.TestInvoker.invokeTestMethods(TestInvoker.java:146)
	at org.testng.internal.TestMethodWorker.invokeTestMethods(TestMethodWorker.java:146)
	at org.testng.internal.TestMethodWorker.run(TestMethodWorker.java:128)
	at java.util.concurrent.ThreadPoolExecutor.runWorker(ThreadPoolExecutor.java:1149)
	at java.util.concurrent.ThreadPoolExecutor$Worker.run(ThreadPoolExecutor.java:624)
	at java.lang.Thread.run(Thread.java:748)
]]></failure>
    <system-err><![CDATA[Starting ChromeDriver 107.0.5304.62 (1eec40d3a5764881c92085aaee66d25075c159aa-refs/branch-heads/5304@{#942}) on port 17260
Only local connections are allowed.
Please see https://chromedriver.chromium.org/security-considerations for suggestions on keeping ChromeDriver safe.
ChromeDriver was started successfully.
]]></system-err>
  </testcase>
  <testcase name="getRecordItem_010" classname="testcases.PIMTest" time="1.016"/>
  <testcase name="getRecordItem_010" classname="testcases.PIMTest" time="0.507"/>
</testsuite>